<?xml version="1.0" encoding="UTF-8"?>
<testsuite xmlns:xsi="http://www.w3.org/2001/XMLSchema-instance" xsi:noNamespaceSchemaLocation="https://maven.apache.org/surefire/maven-surefire-plugin/xsd/surefire-test-report-3.0.xsd" version="3.0" name="raytracer.Vector3dTest" time="0.005" tests="10" errors="0" skipped="0" failures="0">
  <properties>
[...]
</properties>
  <testcase name="testNormalized" classname="raytracer.Vector3dTest" time="0.001"/>
  <testcase name="testDot" classname="raytracer.Vector3dTest" time="0.0"/>
  <testcase name="testMinus" classname="raytracer.Vector3dTest" time="0.001"/>
  <testcase name="testDot2" classname="raytracer.Vector3dTest" time="0.0"/>
  <testcase name="testPlus" classname="raytracer.Vector3dTest" time="0.0"/>
  <testcase name="testToDegrees" classname="raytracer.Vector3dTest" time="0.0"/>
  <testcase name="testReflect" classname="raytracer.Vector3dTest" time="0.0"/>
  <testcase name="testRefract" classname="raytracer.Vector3dTest" time="0.001"/>
  <testcase name="testPlusPlusScaled" classname="raytracer.Vector3dTest" time="0.0"/>
  <testcase name="testConstructor" classname="raytracer.Vector3dTest" time="0.001"/>
</testsuite>